20:24:17.673 [main] INFO  org.eclipse.jetty.util.log - Logging initialized @1589ms
20:24:17.986 [main] INFO  org.eclipse.jetty.server.Server - jetty-9.2.15.v20160210
20:24:20.175 [main] INFO  /parking - No Spring WebApplicationInitializer types detected on classpath
20:24:20.300 [main] INFO  /parking - Initializing Spring root WebApplicationContext
20:24:20.301 [main] INFO  org.springframework.web.context.ContextLoader - Root WebApplicationContext: initialization started
20:24:20.482 [main] INFO  org.springframework.web.context.support.XmlWebApplicationContext - Refreshing Root WebApplicationContext: startup date [Fri Nov 30 20:24:20 MSK 2018]; root of context hierarchy
20:24:20.556 [main] INFO  org.springframework.beans.factory.xml.XmlBeanDefinitionReader - Loading XML bean definitions from class path resource [webapp-context.xml]
20:24:20.734 [main] INFO  org.springframework.beans.factory.xml.XmlBeanDefinitionReader - Loading XML bean definitions from class path resource [security-context.xml]
20:24:21.011 [main] INFO  org.springframework.security.config.SecurityNamespaceHandler - Spring Security 'config' module version is 5.0.0.RELEASE
20:24:21.066 [main] INFO  org.springframework.security.config.http.FilterInvocationSecurityMetadataSourceParser - Creating access control expression attribute '!isAnonymous()' for /model**
20:24:21.109 [main] INFO  org.springframework.security.config.http.HttpSecurityBeanDefinitionParser - Checking sorted filter chain: [Root bean: class [org.springframework.security.web.context.SecurityContextPersistenceFilter]; scope=; abstract=false; lazyInit=false; autowireMode=0; dependencyCheck=0; autowireCandidate=true; primary=false; factoryBeanName=null; factoryMethodName=null; initMethodName=null; destroyMethodName=null, order = 200, Root bean: class [org.springframework.security.web.context.request.async.WebAsyncManagerIntegrationFilter]; scope=; abstract=false; lazyInit=false; autowireMode=0; dependencyCheck=0; autowireCandidate=true; primary=false; factoryBeanName=null; factoryMethodName=null; initMethodName=null; destroyMethodName=null, order = 400, Root bean: class [org.springframework.security.web.header.HeaderWriterFilter]; scope=; abstract=false; lazyInit=false; autowireMode=0; dependencyCheck=0; autowireCandidate=true; primary=false; factoryBeanName=null; factoryMethodName=null; initMethodName=null; destroyMethodName=null, order = 500, Root bean: class [org.springframework.security.web.authentication.logout.LogoutFilter]; scope=; abstract=false; lazyInit=false; autowireMode=0; dependencyCheck=0; autowireCandidate=true; primary=false; factoryBeanName=null; factoryMethodName=null; initMethodName=null; destroyMethodName=null, order = 800, <org.springframework.security.web.authentication.UsernamePasswordAuthenticationFilter#0>, order = 1200, Root bean: class [org.springframework.security.web.savedrequest.RequestCacheAwareFilter]; scope=; abstract=false; lazyInit=false; autowireMode=0; dependencyCheck=0; autowireCandidate=true; primary=false; factoryBeanName=null; factoryMethodName=null; initMethodName=null; destroyMethodName=null, order = 1700, Root bean: class [null]; scope=; abstract=false; lazyInit=false; autowireMode=0; dependencyCheck=0; autowireCandidate=true; primary=false; factoryBeanName=org.springframework.security.config.http.HttpConfigurationBuilder$SecurityContextHolderAwareRequestFilterBeanFactory#0; factoryMethodName=getBean; initMethodName=null; destroyMethodName=null, order = 1800, Root bean: class [org.springframework.security.web.authentication.AnonymousAuthenticationFilter]; scope=; abstract=false; lazyInit=false; autowireMode=0; dependencyCheck=0; autowireCandidate=true; primary=false; factoryBeanName=null; factoryMethodName=null; initMethodName=null; destroyMethodName=null, order = 2100, Root bean: class [org.springframework.security.web.session.SessionManagementFilter]; scope=; abstract=false; lazyInit=false; autowireMode=0; dependencyCheck=0; autowireCandidate=true; primary=false; factoryBeanName=null; factoryMethodName=null; initMethodName=null; destroyMethodName=null, order = 2200, Root bean: class [org.springframework.security.web.access.ExceptionTranslationFilter]; scope=; abstract=false; lazyInit=false; autowireMode=0; dependencyCheck=0; autowireCandidate=true; primary=false; factoryBeanName=null; factoryMethodName=null; initMethodName=null; destroyMethodName=null, order = 2300, <org.springframework.security.web.access.intercept.FilterSecurityInterceptor#0>, order = 2400]
20:24:21.116 [main] INFO  org.springframework.beans.factory.xml.XmlBeanDefinitionReader - Loading XML bean definitions from class path resource [service-context.xml]
20:24:21.154 [main] INFO  org.springframework.beans.factory.xml.XmlBeanDefinitionReader - Loading XML bean definitions from class path resource [dao-context.xml]
20:24:23.083 [main] INFO  org.springframework.security.web.DefaultSecurityFilterChain - Creating filter chain: org.springframework.security.web.util.matcher.AnyRequestMatcher@1, [org.springframework.security.web.context.SecurityContextPersistenceFilter@5d5f10b2, org.springframework.security.web.context.request.async.WebAsyncManagerIntegrationFilter@74c79fa2, org.springframework.security.web.header.HeaderWriterFilter@1e0f9063, org.springframework.security.web.authentication.logout.LogoutFilter@53bd8fca, org.springframework.security.web.authentication.UsernamePasswordAuthenticationFilter@7642df8f, org.springframework.security.web.savedrequest.RequestCacheAwareFilter@3e30646a, org.springframework.security.web.servletapi.SecurityContextHolderAwareRequestFilter@5cde6747, org.springframework.security.web.authentication.AnonymousAuthenticationFilter@63a270c9, org.springframework.security.web.session.SessionManagementFilter@37c7595, org.springframework.security.web.access.ExceptionTranslationFilter@3ed242a4, org.springframework.security.web.access.intercept.FilterSecurityInterceptor@1199fe66]
20:24:23.125 [main] INFO  org.springframework.security.config.http.DefaultFilterChainValidator - Checking whether login URL '/login' is accessible with your configuration
20:24:23.733 [main] INFO  org.springframework.web.context.ContextLoader - Root WebApplicationContext: initialization completed in 3432 ms
20:24:23.972 [main] INFO  /parking - Initializing Spring FrameworkServlet 'dispatcher'
20:24:23.973 [main] INFO  org.springframework.web.servlet.DispatcherServlet - FrameworkServlet 'dispatcher': initialization started
20:24:23.984 [main] INFO  org.springframework.web.context.support.XmlWebApplicationContext - Refreshing WebApplicationContext for namespace 'dispatcher-servlet': startup date [Fri Nov 30 20:24:23 MSK 2018]; parent: Root WebApplicationContext
20:24:23.987 [main] INFO  org.springframework.beans.factory.xml.XmlBeanDefinitionReader - Loading XML bean definitions from ServletContext resource [/WEB-INF/dispatcher-servlet.xml]
20:24:25.184 [main] INFO  org.springframework.web.servlet.mvc.method.annotation.RequestMappingHandlerMapping - Mapped "{[/brand],methods=[GET]}" onto public org.springframework.web.servlet.ModelAndView com.itacademy.jd2.vvm.parking.web.controller.BrandController.index(javax.servlet.http.HttpServletRequest,java.lang.Integer,java.lang.String)
20:24:25.187 [main] INFO  org.springframework.web.servlet.mvc.method.annotation.RequestMappingHandlerMapping - Mapped "{[/brand/{id}/delete],methods=[GET]}" onto public java.lang.String com.itacademy.jd2.vvm.parking.web.controller.BrandController.delete(java.lang.Integer)
20:24:25.188 [main] INFO  org.springframework.web.servlet.mvc.method.annotation.RequestMappingHandlerMapping - Mapped "{[/brand],methods=[POST]}" onto public java.lang.String com.itacademy.jd2.vvm.parking.web.controller.BrandController.save(com.itacademy.jd2.vvm.parking.web.dto.BrandDTO,org.springframework.validation.BindingResult)
20:24:25.189 [main] INFO  org.springframework.web.servlet.mvc.method.annotation.RequestMappingHandlerMapping - Mapped "{[/brand/add],methods=[GET]}" onto public org.springframework.web.servlet.ModelAndView com.itacademy.jd2.vvm.parking.web.controller.BrandController.showForm()
20:24:25.190 [main] INFO  org.springframework.web.servlet.mvc.method.annotation.RequestMappingHandlerMapping - Mapped "{[/brand/{id}],methods=[GET]}" onto public org.springframework.web.servlet.ModelAndView com.itacademy.jd2.vvm.parking.web.controller.BrandController.viewDetails(java.lang.Integer)
20:24:25.191 [main] INFO  org.springframework.web.servlet.mvc.method.annotation.RequestMappingHandlerMapping - Mapped "{[/brand/{id}/edit],methods=[GET]}" onto public org.springframework.web.servlet.ModelAndView com.itacademy.jd2.vvm.parking.web.controller.BrandController.edit(java.lang.Integer)
20:24:25.194 [main] INFO  org.springframework.web.servlet.mvc.method.annotation.RequestMappingHandlerMapping - Mapped "{[/],methods=[GET]}" onto public java.lang.String com.itacademy.jd2.vvm.parking.web.controller.DefaultController.index()
20:24:25.195 [main] INFO  org.springframework.web.servlet.mvc.method.annotation.RequestMappingHandlerMapping - Mapped "{[/login],methods=[GET]}" onto public org.springframework.web.servlet.ModelAndView com.itacademy.jd2.vvm.parking.web.controller.LoginController.login(java.lang.String,java.lang.String)
20:24:25.198 [main] INFO  org.springframework.web.servlet.mvc.method.annotation.RequestMappingHandlerMapping - Mapped "{[/model],methods=[GET]}" onto public org.springframework.web.servlet.ModelAndView com.itacademy.jd2.vvm.parking.web.controller.ModelController.index(javax.servlet.http.HttpServletRequest)
20:24:25.251 [main] INFO  org.hibernate.validator.internal.util.Version - HV000001: Hibernate Validator 5.0.1.Final
20:24:25.755 [main] INFO  org.springframework.web.servlet.mvc.method.annotation.RequestMappingHandlerAdapter - Looking for @ControllerAdvice: WebApplicationContext for namespace 'dispatcher-servlet': startup date [Fri Nov 30 20:24:23 MSK 2018]; parent: Root WebApplicationContext
20:24:25.825 [main] INFO  org.springframework.web.servlet.mvc.method.annotation.RequestMappingHandlerAdapter - Looking for @ControllerAdvice: WebApplicationContext for namespace 'dispatcher-servlet': startup date [Fri Nov 30 20:24:23 MSK 2018]; parent: Root WebApplicationContext
20:24:25.989 [main] INFO  org.springframework.web.servlet.handler.SimpleUrlHandlerMapping - Mapped URL path [/**] onto handler 'org.springframework.web.servlet.resource.DefaultServletHttpRequestHandler#0'
20:24:26.020 [main] INFO  org.springframework.web.servlet.handler.SimpleUrlHandlerMapping - Mapped URL path [/resources/**] onto handler 'org.springframework.web.servlet.resource.ResourceHttpRequestHandler#0'
20:24:26.220 [main] INFO  org.apache.tiles.access.TilesAccess - Publishing TilesContext for context: org.springframework.web.servlet.view.tiles3.SpringWildcardServletTilesApplicationContext
20:24:26.328 [main] INFO  org.springframework.web.servlet.DispatcherServlet - FrameworkServlet 'dispatcher': initialization completed in 2355 ms
20:24:26.329 [main] INFO  org.eclipse.jetty.server.handler.ContextHandler - Started o.e.j.w.WebAppContext@214b199c{/parking,file:/D:/vmikhalevich/G-JD2-10-17_vmikhalevich/web/src/main/webapp/,AVAILABLE}{src/main/webapp}
20:24:26.370 [main] INFO  org.eclipse.jetty.server.ServerConnector - Started ServerConnector@5328a9c1{HTTP/1.1}{0.0.0.0:8081}
20:24:26.371 [main] INFO  org.eclipse.jetty.server.Server - Started @10306ms
20:28:25.086 [main] INFO  org.eclipse.jetty.util.log - Logging initialized @1124ms
20:28:25.244 [main] INFO  org.eclipse.jetty.server.Server - jetty-9.2.15.v20160210
20:28:27.252 [main] INFO  /parking - No Spring WebApplicationInitializer types detected on classpath
20:28:27.358 [main] INFO  /parking - Initializing Spring root WebApplicationContext
20:28:27.359 [main] INFO  org.springframework.web.context.ContextLoader - Root WebApplicationContext: initialization started
20:28:27.514 [main] INFO  org.springframework.web.context.support.XmlWebApplicationContext - Refreshing Root WebApplicationContext: startup date [Fri Nov 30 20:28:27 MSK 2018]; root of context hierarchy
20:28:27.573 [main] INFO  org.springframework.beans.factory.xml.XmlBeanDefinitionReader - Loading XML bean definitions from class path resource [webapp-context.xml]
20:28:27.753 [main] INFO  org.springframework.beans.factory.xml.XmlBeanDefinitionReader - Loading XML bean definitions from class path resource [security-context.xml]
20:28:28.002 [main] INFO  org.springframework.security.config.SecurityNamespaceHandler - Spring Security 'config' module version is 5.0.0.RELEASE
20:28:28.051 [main] INFO  org.springframework.security.config.http.FilterInvocationSecurityMetadataSourceParser - Creating access control expression attribute '!isAnonymous()' for /model**
20:28:28.089 [main] INFO  org.springframework.security.config.http.HttpSecurityBeanDefinitionParser - Checking sorted filter chain: [Root bean: class [org.springframework.security.web.context.SecurityContextPersistenceFilter]; scope=; abstract=false; lazyInit=false; autowireMode=0; dependencyCheck=0; autowireCandidate=true; primary=false; factoryBeanName=null; factoryMethodName=null; initMethodName=null; destroyMethodName=null, order = 200, Root bean: class [org.springframework.security.web.context.request.async.WebAsyncManagerIntegrationFilter]; scope=; abstract=false; lazyInit=false; autowireMode=0; dependencyCheck=0; autowireCandidate=true; primary=false; factoryBeanName=null; factoryMethodName=null; initMethodName=null; destroyMethodName=null, order = 400, Root bean: class [org.springframework.security.web.header.HeaderWriterFilter]; scope=; abstract=false; lazyInit=false; autowireMode=0; dependencyCheck=0; autowireCandidate=true; primary=false; factoryBeanName=null; factoryMethodName=null; initMethodName=null; destroyMethodName=null, order = 500, Root bean: class [org.springframework.security.web.authentication.logout.LogoutFilter]; scope=; abstract=false; lazyInit=false; autowireMode=0; dependencyCheck=0; autowireCandidate=true; primary=false; factoryBeanName=null; factoryMethodName=null; initMethodName=null; destroyMethodName=null, order = 800, <org.springframework.security.web.authentication.UsernamePasswordAuthenticationFilter#0>, order = 1200, Root bean: class [org.springframework.security.web.savedrequest.RequestCacheAwareFilter]; scope=; abstract=false; lazyInit=false; autowireMode=0; dependencyCheck=0; autowireCandidate=true; primary=false; factoryBeanName=null; factoryMethodName=null; initMethodName=null; destroyMethodName=null, order = 1700, Root bean: class [null]; scope=; abstract=false; lazyInit=false; autowireMode=0; dependencyCheck=0; autowireCandidate=true; primary=false; factoryBeanName=org.springframework.security.config.http.HttpConfigurationBuilder$SecurityContextHolderAwareRequestFilterBeanFactory#0; factoryMethodName=getBean; initMethodName=null; destroyMethodName=null, order = 1800, Root bean: class [org.springframework.security.web.authentication.AnonymousAuthenticationFilter]; scope=; abstract=false; lazyInit=false; autowireMode=0; dependencyCheck=0; autowireCandidate=true; primary=false; factoryBeanName=null; factoryMethodName=null; initMethodName=null; destroyMethodName=null, order = 2100, Root bean: class [org.springframework.security.web.session.SessionManagementFilter]; scope=; abstract=false; lazyInit=false; autowireMode=0; dependencyCheck=0; autowireCandidate=true; primary=false; factoryBeanName=null; factoryMethodName=null; initMethodName=null; destroyMethodName=null, order = 2200, Root bean: class [org.springframework.security.web.access.ExceptionTranslationFilter]; scope=; abstract=false; lazyInit=false; autowireMode=0; dependencyCheck=0; autowireCandidate=true; primary=false; factoryBeanName=null; factoryMethodName=null; initMethodName=null; destroyMethodName=null, order = 2300, <org.springframework.security.web.access.intercept.FilterSecurityInterceptor#0>, order = 2400]
20:28:28.098 [main] INFO  org.springframework.beans.factory.xml.XmlBeanDefinitionReader - Loading XML bean definitions from class path resource [service-context.xml]
20:28:28.137 [main] INFO  org.springframework.beans.factory.xml.XmlBeanDefinitionReader - Loading XML bean definitions from class path resource [dao-context.xml]
20:28:29.236 [main] INFO  org.springframework.security.web.DefaultSecurityFilterChain - Creating filter chain: org.springframework.security.web.util.matcher.AnyRequestMatcher@1, [org.springframework.security.web.context.SecurityContextPersistenceFilter@35f26e72, org.springframework.security.web.context.request.async.WebAsyncManagerIntegrationFilter@2d6764b2, org.springframework.security.web.header.HeaderWriterFilter@67304a40, org.springframework.security.web.authentication.logout.LogoutFilter@49c6c24f, org.springframework.security.web.authentication.UsernamePasswordAuthenticationFilter@6fe1b4fb, org.springframework.security.web.savedrequest.RequestCacheAwareFilter@79351f41, org.springframework.security.web.servletapi.SecurityContextHolderAwareRequestFilter@1c32386d, org.springframework.security.web.authentication.AnonymousAuthenticationFilter@6399551e, org.springframework.security.web.session.SessionManagementFilter@13d73fa, org.springframework.security.web.access.ExceptionTranslationFilter@5023bb8b, org.springframework.security.web.access.intercept.FilterSecurityInterceptor@5d5f10b2]
20:28:29.277 [main] INFO  org.springframework.security.config.http.DefaultFilterChainValidator - Checking whether login URL '/login' is accessible with your configuration
20:28:29.528 [main] INFO  org.springframework.web.context.ContextLoader - Root WebApplicationContext: initialization completed in 2168 ms
20:28:29.702 [main] INFO  /parking - Initializing Spring FrameworkServlet 'dispatcher'
20:28:29.703 [main] INFO  org.springframework.web.servlet.DispatcherServlet - FrameworkServlet 'dispatcher': initialization started
20:28:29.712 [main] INFO  org.springframework.web.context.support.XmlWebApplicationContext - Refreshing WebApplicationContext for namespace 'dispatcher-servlet': startup date [Fri Nov 30 20:28:29 MSK 2018]; parent: Root WebApplicationContext
20:28:29.714 [main] INFO  org.springframework.beans.factory.xml.XmlBeanDefinitionReader - Loading XML bean definitions from ServletContext resource [/WEB-INF/dispatcher-servlet.xml]
20:28:30.495 [main] INFO  org.springframework.web.servlet.mvc.method.annotation.RequestMappingHandlerMapping - Mapped "{[/brand],methods=[GET]}" onto public org.springframework.web.servlet.ModelAndView com.itacademy.jd2.vvm.parking.web.controller.BrandController.index(javax.servlet.http.HttpServletRequest,java.lang.Integer,java.lang.String)
20:28:30.499 [main] INFO  org.springframework.web.servlet.mvc.method.annotation.RequestMappingHandlerMapping - Mapped "{[/brand/{id}/delete],methods=[GET]}" onto public java.lang.String com.itacademy.jd2.vvm.parking.web.controller.BrandController.delete(java.lang.Integer)
20:28:30.501 [main] INFO  org.springframework.web.servlet.mvc.method.annotation.RequestMappingHandlerMapping - Mapped "{[/brand],methods=[POST]}" onto public java.lang.String com.itacademy.jd2.vvm.parking.web.controller.BrandController.save(com.itacademy.jd2.vvm.parking.web.dto.BrandDTO,org.springframework.validation.BindingResult)
20:28:30.502 [main] INFO  org.springframework.web.servlet.mvc.method.annotation.RequestMappingHandlerMapping - Mapped "{[/brand/add],methods=[GET]}" onto public org.springframework.web.servlet.ModelAndView com.itacademy.jd2.vvm.parking.web.controller.BrandController.showForm()
20:28:30.504 [main] INFO  org.springframework.web.servlet.mvc.method.annotation.RequestMappingHandlerMapping - Mapped "{[/brand/{id}],methods=[GET]}" onto public org.springframework.web.servlet.ModelAndView com.itacademy.jd2.vvm.parking.web.controller.BrandController.viewDetails(java.lang.Integer)
20:28:30.508 [main] INFO  org.springframework.web.servlet.mvc.method.annotation.RequestMappingHandlerMapping - Mapped "{[/brand/{id}/edit],methods=[GET]}" onto public org.springframework.web.servlet.ModelAndView com.itacademy.jd2.vvm.parking.web.controller.BrandController.edit(java.lang.Integer)
20:28:30.511 [main] INFO  org.springframework.web.servlet.mvc.method.annotation.RequestMappingHandlerMapping - Mapped "{[/],methods=[GET]}" onto public java.lang.String com.itacademy.jd2.vvm.parking.web.controller.DefaultController.index()
20:28:30.513 [main] INFO  org.springframework.web.servlet.mvc.method.annotation.RequestMappingHandlerMapping - Mapped "{[/login],methods=[GET]}" onto public org.springframework.web.servlet.ModelAndView com.itacademy.jd2.vvm.parking.web.controller.LoginController.login(java.lang.String,java.lang.String)
20:28:30.515 [main] INFO  org.springframework.web.servlet.mvc.method.annotation.RequestMappingHandlerMapping - Mapped "{[/model],methods=[GET]}" onto public org.springframework.web.servlet.ModelAndView com.itacademy.jd2.vvm.parking.web.controller.ModelController.index(javax.servlet.http.HttpServletRequest)
20:28:30.596 [main] INFO  org.hibernate.validator.internal.util.Version - HV000001: Hibernate Validator 5.0.1.Final
20:28:31.256 [main] INFO  org.springframework.web.servlet.mvc.method.annotation.RequestMappingHandlerAdapter - Looking for @ControllerAdvice: WebApplicationContext for namespace 'dispatcher-servlet': startup date [Fri Nov 30 20:28:29 MSK 2018]; parent: Root WebApplicationContext
20:28:31.349 [main] INFO  org.springframework.web.servlet.mvc.method.annotation.RequestMappingHandlerAdapter - Looking for @ControllerAdvice: WebApplicationContext for namespace 'dispatcher-servlet': startup date [Fri Nov 30 20:28:29 MSK 2018]; parent: Root WebApplicationContext
20:28:31.473 [main] INFO  org.springframework.web.servlet.handler.SimpleUrlHandlerMapping - Mapped URL path [/**] onto handler 'org.springframework.web.servlet.resource.DefaultServletHttpRequestHandler#0'
20:28:31.512 [main] INFO  org.springframework.web.servlet.handler.SimpleUrlHandlerMapping - Mapped URL path [/resources/**] onto handler 'org.springframework.web.servlet.resource.ResourceHttpRequestHandler#0'
20:28:31.691 [main] INFO  org.apache.tiles.access.TilesAccess - Publishing TilesContext for context: org.springframework.web.servlet.view.tiles3.SpringWildcardServletTilesApplicationContext
20:28:31.803 [main] INFO  org.springframework.web.servlet.DispatcherServlet - FrameworkServlet 'dispatcher': initialization completed in 2099 ms
20:28:31.804 [main] INFO  org.eclipse.jetty.server.handler.ContextHandler - Started o.e.j.w.WebAppContext@3ec300f1{/parking,file:/D:/vmikhalevich/G-JD2-10-17_vmikhalevich/web/src/main/webapp/,AVAILABLE}{src/main/webapp}
20:28:31.845 [main] INFO  org.eclipse.jetty.server.ServerConnector - Started ServerConnector@29182679{HTTP/1.1}{0.0.0.0:8081}
20:28:31.846 [main] INFO  org.eclipse.jetty.server.Server - Started @7896ms
20:28:56.084 [qtp1018298342-18] WARN  org.eclipse.jetty.servlet.ServletHandler - 
org.springframework.web.util.NestedServletException: Request processing failed; nested exception is java.lang.NullPointerException
	at org.springframework.web.servlet.FrameworkServlet.processRequest(FrameworkServlet.java:986) ~[spring-webmvc-5.0.0.RELEASE.jar:5.0.0.RELEASE]
	at org.springframework.web.servlet.FrameworkServlet.doGet(FrameworkServlet.java:870) ~[spring-webmvc-5.0.0.RELEASE.jar:5.0.0.RELEASE]
	at javax.servlet.http.HttpServlet.service(HttpServlet.java:687) ~[javax.servlet-api-3.1.0.jar:3.1.0]
	at org.springframework.web.servlet.FrameworkServlet.service(FrameworkServlet.java:855) ~[spring-webmvc-5.0.0.RELEASE.jar:5.0.0.RELEASE]
	at javax.servlet.http.HttpServlet.service(HttpServlet.java:790) ~[javax.servlet-api-3.1.0.jar:3.1.0]
	at org.eclipse.jetty.servlet.ServletHolder.handle(ServletHolder.java:812) ~[jetty-servlet-9.2.15.v20160210.jar:9.2.15.v20160210]
	at org.eclipse.jetty.servlet.ServletHandler$CachedChain.doFilter(ServletHandler.java:1669) ~[jetty-servlet-9.2.15.v20160210.jar:9.2.15.v20160210]
	at org.springframework.security.web.FilterChainProxy$VirtualFilterChain.doFilter(FilterChainProxy.java:320) ~[spring-security-web-5.0.0.RELEASE.jar:5.0.0.RELEASE]
	at org.springframework.security.web.access.intercept.FilterSecurityInterceptor.invoke(FilterSecurityInterceptor.java:127) ~[spring-security-web-5.0.0.RELEASE.jar:5.0.0.RELEASE]
	at org.springframework.security.web.access.intercept.FilterSecurityInterceptor.doFilter(FilterSecurityInterceptor.java:91) ~[spring-security-web-5.0.0.RELEASE.jar:5.0.0.RELEASE]
	at org.springframework.security.web.FilterChainProxy$VirtualFilterChain.doFilter(FilterChainProxy.java:334) ~[spring-security-web-5.0.0.RELEASE.jar:5.0.0.RELEASE]
	at org.springframework.security.web.access.ExceptionTranslationFilter.doFilter(ExceptionTranslationFilter.java:119) ~[spring-security-web-5.0.0.RELEASE.jar:5.0.0.RELEASE]
	at org.springframework.security.web.FilterChainProxy$VirtualFilterChain.doFilter(FilterChainProxy.java:334) ~[spring-security-web-5.0.0.RELEASE.jar:5.0.0.RELEASE]
	at org.springframework.security.web.session.SessionManagementFilter.doFilter(SessionManagementFilter.java:137) ~[spring-security-web-5.0.0.RELEASE.jar:5.0.0.RELEASE]
	at org.springframework.security.web.FilterChainProxy$VirtualFilterChain.doFilter(FilterChainProxy.java:334) ~[spring-security-web-5.0.0.RELEASE.jar:5.0.0.RELEASE]
	at org.springframework.security.web.authentication.AnonymousAuthenticationFilter.doFilter(AnonymousAuthenticationFilter.java:111) ~[spring-security-web-5.0.0.RELEASE.jar:5.0.0.RELEASE]
	at org.springframework.security.web.FilterChainProxy$VirtualFilterChain.doFilter(FilterChainProxy.java:334) ~[spring-security-web-5.0.0.RELEASE.jar:5.0.0.RELEASE]
	at org.springframework.security.web.servletapi.SecurityContextHolderAwareRequestFilter.doFilter(SecurityContextHolderAwareRequestFilter.java:170) ~[spring-security-web-5.0.0.RELEASE.jar:5.0.0.RELEASE]
	at org.springframework.security.web.FilterChainProxy$VirtualFilterChain.doFilter(FilterChainProxy.java:334) ~[spring-security-web-5.0.0.RELEASE.jar:5.0.0.RELEASE]
	at org.springframework.security.web.savedrequest.RequestCacheAwareFilter.doFilter(RequestCacheAwareFilter.java:63) ~[spring-security-web-5.0.0.RELEASE.jar:5.0.0.RELEASE]
	at org.springframework.security.web.FilterChainProxy$VirtualFilterChain.doFilter(FilterChainProxy.java:334) ~[spring-security-web-5.0.0.RELEASE.jar:5.0.0.RELEASE]
	at org.springframework.security.web.authentication.AbstractAuthenticationProcessingFilter.doFilter(AbstractAuthenticationProcessingFilter.java:200) ~[spring-security-web-5.0.0.RELEASE.jar:5.0.0.RELEASE]
	at org.springframework.security.web.FilterChainProxy$VirtualFilterChain.doFilter(FilterChainProxy.java:334) ~[spring-security-web-5.0.0.RELEASE.jar:5.0.0.RELEASE]
	at org.springframework.security.web.authentication.logout.LogoutFilter.doFilter(LogoutFilter.java:116) ~[spring-security-web-5.0.0.RELEASE.jar:5.0.0.RELEASE]
	at org.springframework.security.web.FilterChainProxy$VirtualFilterChain.doFilter(FilterChainProxy.java:334) ~[spring-security-web-5.0.0.RELEASE.jar:5.0.0.RELEASE]
	at org.springframework.security.web.header.HeaderWriterFilter.doFilterInternal(HeaderWriterFilter.java:64) ~[spring-security-web-5.0.0.RELEASE.jar:5.0.0.RELEASE]
	at org.springframework.web.filter.OncePerRequestFilter.doFilter(OncePerRequestFilter.java:107) ~[spring-web-5.0.0.RELEASE.jar:5.0.0.RELEASE]
	at org.springframework.security.web.FilterChainProxy$VirtualFilterChain.doFilter(FilterChainProxy.java:334) ~[spring-security-web-5.0.0.RELEASE.jar:5.0.0.RELEASE]
	at org.springframework.security.web.context.request.async.WebAsyncManagerIntegrationFilter.doFilterInternal(WebAsyncManagerIntegrationFilter.java:56) ~[spring-security-web-5.0.0.RELEASE.jar:5.0.0.RELEASE]
	at org.springframework.web.filter.OncePerRequestFilter.doFilter(OncePerRequestFilter.java:107) ~[spring-web-5.0.0.RELEASE.jar:5.0.0.RELEASE]
	at org.springframework.security.web.FilterChainProxy$VirtualFilterChain.doFilter(FilterChainProxy.java:334) ~[spring-security-web-5.0.0.RELEASE.jar:5.0.0.RELEASE]
	at org.springframework.security.web.context.SecurityContextPersistenceFilter.doFilter(SecurityContextPersistenceFilter.java:105) ~[spring-security-web-5.0.0.RELEASE.jar:5.0.0.RELEASE]
	at org.springframework.security.web.FilterChainProxy$VirtualFilterChain.doFilter(FilterChainProxy.java:334) ~[spring-security-web-5.0.0.RELEASE.jar:5.0.0.RELEASE]
	at org.springframework.security.web.FilterChainProxy.doFilterInternal(FilterChainProxy.java:215) ~[spring-security-web-5.0.0.RELEASE.jar:5.0.0.RELEASE]
	at org.springframework.security.web.FilterChainProxy.doFilter(FilterChainProxy.java:178) ~[spring-security-web-5.0.0.RELEASE.jar:5.0.0.RELEASE]
	at org.springframework.web.filter.DelegatingFilterProxy.invokeDelegate(DelegatingFilterProxy.java:357) ~[spring-web-5.0.0.RELEASE.jar:5.0.0.RELEASE]
	at org.springframework.web.filter.DelegatingFilterProxy.doFilter(DelegatingFilterProxy.java:270) ~[spring-web-5.0.0.RELEASE.jar:5.0.0.RELEASE]
	at org.eclipse.jetty.servlet.ServletHandler$CachedChain.doFilter(ServletHandler.java:1652) ~[jetty-servlet-9.2.15.v20160210.jar:9.2.15.v20160210]
	at org.eclipse.jetty.servlet.ServletHandler.doHandle(ServletHandler.java:585) [jetty-servlet-9.2.15.v20160210.jar:9.2.15.v20160210]
	at org.eclipse.jetty.server.handler.ScopedHandler.handle(ScopedHandler.java:143) [jetty-server-9.2.15.v20160210.jar:9.2.15.v20160210]
	at org.eclipse.jetty.security.SecurityHandler.handle(SecurityHandler.java:577) [jetty-security-9.2.15.v20160210.jar:9.2.15.v20160210]
	at org.eclipse.jetty.server.session.SessionHandler.doHandle(SessionHandler.java:223) [jetty-server-9.2.15.v20160210.jar:9.2.15.v20160210]
	at org.eclipse.jetty.server.handler.ContextHandler.doHandle(ContextHandler.java:1127) [jetty-server-9.2.15.v20160210.jar:9.2.15.v20160210]
	at org.eclipse.jetty.servlet.ServletHandler.doScope(ServletHandler.java:515) [jetty-servlet-9.2.15.v20160210.jar:9.2.15.v20160210]
	at org.eclipse.jetty.server.session.SessionHandler.doScope(SessionHandler.java:185) [jetty-server-9.2.15.v20160210.jar:9.2.15.v20160210]
	at org.eclipse.jetty.server.handler.ContextHandler.doScope(ContextHandler.java:1061) [jetty-server-9.2.15.v20160210.jar:9.2.15.v20160210]
	at org.eclipse.jetty.server.handler.ScopedHandler.handle(ScopedHandler.java:141) [jetty-server-9.2.15.v20160210.jar:9.2.15.v20160210]
	at org.eclipse.jetty.server.handler.HandlerWrapper.handle(HandlerWrapper.java:97) [jetty-server-9.2.15.v20160210.jar:9.2.15.v20160210]
	at org.eclipse.jetty.server.Server.handle(Server.java:499) [jetty-server-9.2.15.v20160210.jar:9.2.15.v20160210]
	at org.eclipse.jetty.server.HttpChannel.handle(HttpChannel.java:311) [jetty-server-9.2.15.v20160210.jar:9.2.15.v20160210]
	at org.eclipse.jetty.server.HttpConnection.onFillable(HttpConnection.java:257) [jetty-server-9.2.15.v20160210.jar:9.2.15.v20160210]
	at org.eclipse.jetty.io.AbstractConnection$2.run(AbstractConnection.java:544) [jetty-io-9.2.15.v20160210.jar:9.2.15.v20160210]
	at org.eclipse.jetty.util.thread.QueuedThreadPool.runJob(QueuedThreadPool.java:635) [jetty-util-9.2.15.v20160210.jar:9.2.15.v20160210]
	at org.eclipse.jetty.util.thread.QueuedThreadPool$3.run(QueuedThreadPool.java:555) [jetty-util-9.2.15.v20160210.jar:9.2.15.v20160210]
	at java.lang.Thread.run(Thread.java:748) [?:1.8.0_171]
Caused by: java.lang.NullPointerException
	at com.itacademy.jd2.vvm.parking.web.converter.BrandToDTOConverter.apply(BrandToDTOConverter.java:16) ~[classes/:?]
	at com.itacademy.jd2.vvm.parking.web.controller.BrandController.edit(BrandController.java:106) ~[classes/:?]
	at sun.reflect.NativeMethodAccessorImpl.invoke0(Native Method) ~[?:1.8.0_171]
	at sun.reflect.NativeMethodAccessorImpl.invoke(NativeMethodAccessorImpl.java:62) ~[?:1.8.0_171]
	at sun.reflect.DelegatingMethodAccessorImpl.invoke(DelegatingMethodAccessorImpl.java:43) ~[?:1.8.0_171]
	at java.lang.reflect.Method.invoke(Method.java:498) ~[?:1.8.0_171]
	at org.springframework.web.method.support.InvocableHandlerMethod.doInvoke(InvocableHandlerMethod.java:209) ~[spring-web-5.0.0.RELEASE.jar:5.0.0.RELEASE]
	at org.springframework.web.method.support.InvocableHandlerMethod.invokeForRequest(InvocableHandlerMethod.java:136) ~[spring-web-5.0.0.RELEASE.jar:5.0.0.RELEASE]
	at org.springframework.web.servlet.mvc.method.annotation.ServletInvocableHandlerMethod.invokeAndHandle(ServletInvocableHandlerMethod.java:102) ~[spring-webmvc-5.0.0.RELEASE.jar:5.0.0.RELEASE]
	at org.springframework.web.servlet.mvc.method.annotation.RequestMappingHandlerAdapter.invokeHandlerMethod(RequestMappingHandlerAdapter.java:871) ~[spring-webmvc-5.0.0.RELEASE.jar:5.0.0.RELEASE]
	at org.springframework.web.servlet.mvc.method.annotation.RequestMappingHandlerAdapter.handleInternal(RequestMappingHandlerAdapter.java:777) ~[spring-webmvc-5.0.0.RELEASE.jar:5.0.0.RELEASE]
	at org.springframework.web.servlet.mvc.method.AbstractHandlerMethodAdapter.handle(AbstractHandlerMethodAdapter.java:87) ~[spring-webmvc-5.0.0.RELEASE.jar:5.0.0.RELEASE]
	at org.springframework.web.servlet.DispatcherServlet.doDispatch(DispatcherServlet.java:991) ~[spring-webmvc-5.0.0.RELEASE.jar:5.0.0.RELEASE]
	at org.springframework.web.servlet.DispatcherServlet.doService(DispatcherServlet.java:925) ~[spring-webmvc-5.0.0.RELEASE.jar:5.0.0.RELEASE]
	at org.springframework.web.servlet.FrameworkServlet.processRequest(FrameworkServlet.java:978) ~[spring-webmvc-5.0.0.RELEASE.jar:5.0.0.RELEASE]
	... 54 more
